[06/18/23 16:56:49] crowsnest: crowsnest - A webcam Service for multiple Cams and Stream Services.
[06/18/23 16:56:50] crowsnest: Version: v4.1.3-1-gc0c9c41
[06/18/23 16:56:50] crowsnest: Prepare Startup ...
[06/18/23 16:56:50] crowsnest: INFO: Host information:
[06/18/23 16:56:50] crowsnest: Host Info: Distribution: Debian GNU/Linux 11 (bullseye)
[06/18/23 16:56:50] crowsnest: Host Info: Release: MainsailOS release 1.3.2 (bullseye)
[06/18/23 16:56:50] crowsnest: Host Info: Kernel: Linux 6.1.21-v8+ aarch64
[06/18/23 16:56:50] crowsnest: Host Info: Model:  Raspberry Pi 3 Model B Plus Rev 1.3
[06/18/23 16:56:50] crowsnest: Host Info: Available CPU Cores: 4
[06/18/23 16:56:50] crowsnest: Host Info: Available Memory: 880336 kB
[06/18/23 16:56:50] crowsnest: Host Info: Diskspace (avail. / total): 24G / 30G
[06/18/23 16:56:50] crowsnest: INFO: Checking Dependencies
[06/18/23 16:56:50] crowsnest: Dependency: 'crudini' found in /usr/bin/crudini.
[06/18/23 16:56:50] crowsnest: Dependency: 'find' found in /usr/bin/find.
[06/18/23 16:56:50] crowsnest: Dependency: 'xargs' found in /usr/bin/xargs.
[06/18/23 16:56:50] crowsnest: Dependency: 'ustreamer' found in bin/ustreamer/ustreamer.
[06/18/23 16:56:50] crowsnest: Dependency: 'camera-streamer' found in bin/camera-streamer/camera-streamer.
[06/18/23 16:56:50] crowsnest: Version Control: ustreamer is up to date. (v5.48)
[06/18/23 16:56:56] crowsnest: Version Control: camera-streamer is up to date. ((f1627aa))
[06/18/23 16:56:56] crowsnest: INFO: Print Configfile: '/home/pi/printer_data/config/crowsnest.conf'
[06/18/23 16:56:56] crowsnest:		[crowsnest]
[06/18/23 16:56:56] crowsnest:		log_path: /home/pi/printer_data/logs/crowsnest.log
[06/18/23 16:56:56] crowsnest:		log_level: verbose
[06/18/23 16:56:56] crowsnest:		delete_log: false
[06/18/23 16:56:56] crowsnest:		no_proxy: false
[06/18/23 16:56:56] crowsnest:		
[06/18/23 16:56:56] crowsnest:		[cam 1]
[06/18/23 16:56:56] crowsnest:		mode: ustreamer
[06/18/23 16:56:56] crowsnest:		
[06/18/23 16:56:56] crowsnest:		enable_rtsp: false
[06/18/23 16:56:56] crowsnest:		rtsp_port: 8554
[06/18/23 16:56:56] crowsnest:		port: 8080
[06/18/23 16:56:56] crowsnest:		device: /dev/video0
[06/18/23 16:56:56] crowsnest:		resolution: 640x480
[06/18/23 16:56:56] crowsnest:		max_fps: 15
[06/18/23 16:56:56] crowsnest: INFO: Detect available Devices
[06/18/23 16:56:57] crowsnest: INFO: Found 1 total available Device(s)
[06/18/23 16:56:57] crowsnest: INFO: Found 1 available v4l2 (UVC) camera(s)
[06/18/23 16:56:57] crowsnest: /dev/v4l/by-id/usb-SunplusIT_Inc_HP_4K_Webcam_01.00.00-video-index0 -> /dev/video0
[06/18/23 16:56:57] crowsnest: Supported Formats:
[06/18/23 16:56:57] crowsnest:		[0]: 'MJPG' (Motion-JPEG, compressed)
[06/18/23 16:56:57] crowsnest:		Size: Discrete 3840x2160
[06/18/23 16:56:57] crowsnest:		Interval: Discrete 0.033s (30.000 fps)
[06/18/23 16:56:57] crowsnest:		Size: Discrete 2592x1944
[06/18/23 16:56:57] crowsnest:		Interval: Discrete 0.033s (30.000 fps)
[06/18/23 16:56:57] crowsnest:		Size: Discrete 2560x1440
[06/18/23 16:56:57] crowsnest:		Interval: Discrete 0.033s (30.000 fps)
[06/18/23 16:56:57] crowsnest:		Size: Discrete 1920x1080
[06/18/23 16:56:57] crowsnest:		Interval: Discrete 0.017s (60.000 fps)
[06/18/23 16:56:57] crowsnest:		Size: Discrete 1280x720
[06/18/23 16:56:57] crowsnest:		Interval: Discrete 0.017s (60.000 fps)
[06/18/23 16:56:57] crowsnest:		Size: Discrete 960x540
[06/18/23 16:56:57] crowsnest:		Interval: Discrete 0.017s (60.000 fps)
[06/18/23 16:56:57] crowsnest:		Size: Discrete 848x480
[06/18/23 16:56:57] crowsnest:		Interval: Discrete 0.017s (60.000 fps)
[06/18/23 16:56:57] crowsnest:		Size: Discrete 640x480
[06/18/23 16:56:57] crowsnest:		Interval: Discrete 0.017s (60.000 fps)
[06/18/23 16:56:57] crowsnest:		Size: Discrete 640x360
[06/18/23 16:56:57] crowsnest:		Interval: Discrete 0.017s (60.000 fps)
[06/18/23 16:56:57] crowsnest:		Size: Discrete 320x240
[06/18/23 16:56:57] crowsnest:		Interval: Discrete 0.017s (60.000 fps)
[06/18/23 16:56:57] crowsnest:		Size: Discrete 320x180
[06/18/23 16:56:57] crowsnest:		Interval: Discrete 0.017s (60.000 fps)
[06/18/23 16:56:57] crowsnest:		[1]: 'YUYV' (YUYV 4:2:2)
[06/18/23 16:56:57] crowsnest:		Size: Discrete 640x480
[06/18/23 16:56:57] crowsnest:		Interval: Discrete 0.033s (30.000 fps)
[06/18/23 16:56:57] crowsnest:		Size: Discrete 640x360
[06/18/23 16:56:57] crowsnest:		Interval: Discrete 0.033s (30.000 fps)
[06/18/23 16:56:57] crowsnest:		Size: Discrete 320x240
[06/18/23 16:56:57] crowsnest:		Interval: Discrete 0.033s (30.000 fps)
[06/18/23 16:56:57] crowsnest:		Size: Discrete 320x180
[06/18/23 16:56:57] crowsnest:		Interval: Discrete 0.033s (30.000 fps)
[06/18/23 16:56:57] crowsnest: Supported Controls:
[06/18/23 16:56:57] crowsnest:		
[06/18/23 16:56:57] crowsnest:		User Controls
[06/18/23 16:56:57] crowsnest:		
[06/18/23 16:56:57] crowsnest:		brightness 0x00980900 (int)    : min=-64 max=64 step=1 default=0 value=0
[06/18/23 16:56:57] crowsnest:		contrast 0x00980901 (int)    : min=0 max=64 step=1 default=32 value=32
[06/18/23 16:56:57] crowsnest:		saturation 0x00980902 (int)    : min=0 max=128 step=1 default=64 value=64
[06/18/23 16:56:57] crowsnest:		hue 0x00980903 (int)    : min=-40 max=40 step=1 default=0 value=0
[06/18/23 16:56:57] crowsnest:		white_balance_automatic 0x0098090c (bool)   : default=1 value=1
[06/18/23 16:56:57] crowsnest:		gamma 0x00980910 (int)    : min=72 max=500 step=1 default=100 value=100
[06/18/23 16:56:57] crowsnest:		gain 0x00980913 (int)    : min=0 max=8 step=1 default=0 value=0
[06/18/23 16:56:57] crowsnest:		power_line_frequency 0x00980918 (menu)   : min=0 max=3 default=2 value=2
[06/18/23 16:56:57] crowsnest:		0: Disabled
[06/18/23 16:56:57] crowsnest:		1: 50 Hz
[06/18/23 16:56:57] crowsnest:		2: 60 Hz
[06/18/23 16:56:57] crowsnest:		3: Auto
[06/18/23 16:56:57] crowsnest:		white_balance_temperature 0x0098091a (int)    : min=2800 max=6500 step=1 default=4000 value=4000 flags=inactive
[06/18/23 16:56:57] crowsnest:		sharpness 0x0098091b (int)    : min=0 max=5 step=1 default=0 value=0
[06/18/23 16:56:57] crowsnest:		backlight_compensation 0x0098091c (int)    : min=0 max=1 step=1 default=0 value=0
[06/18/23 16:56:57] crowsnest:		
[06/18/23 16:56:57] crowsnest:		Camera Controls
[06/18/23 16:56:57] crowsnest:		
[06/18/23 16:56:57] crowsnest:		auto_exposure 0x009a0901 (menu)   : min=0 max=3 default=3 value=3
[06/18/23 16:56:57] crowsnest:		1: Manual Mode
[06/18/23 16:56:57] crowsnest:		3: Aperture Priority Mode
[06/18/23 16:56:57] crowsnest:		exposure_time_absolute 0x009a0902 (int)    : min=39 max=10000 step=1 default=312 value=312 flags=inactive
[06/18/23 16:56:57] crowsnest:		focus_absolute 0x009a090a (int)    : min=0 max=800 step=1 default=150 value=150 flags=inactive
[06/18/23 16:56:57] crowsnest:		focus_automatic_continuous 0x009a090c (bool)   : default=1 value=1
[06/18/23 16:56:57] crowsnest: Try to start configured Cams / Services...
[06/18/23 16:57:00] crowsnest: INFO: Configuration of Section [cam 1] looks good. Continue ...
[06/18/23 16:57:02] crowsnest: V4L2 Control: No parameters set for [cam 1]. Skipped.
[06/18/23 16:57:04] crowsnest: Starting ustreamer with Device /dev/video0 ...
[06/18/23 16:57:06] crowsnest:  ... Done!
[08/31/24 11:46:24] crowsnest: Shutdown or Killed by User!
[08/31/24 11:46:24] crowsnest: Please come again :)
[08/31/24 11:46:24] crowsnest: Goodbye...
[08/31/24 11:46:39] crowsnest: crowsnest - A webcam Service for multiple Cams and Stream Services.
[08/31/24 11:46:39] crowsnest: Version: v4.1.3-1-gc0c9c41
[08/31/24 11:46:39] crowsnest: Prepare Startup ...
[08/31/24 11:46:39] crowsnest: INFO: Host information:
[08/31/24 11:46:40] crowsnest: Host Info: Distribution: Debian GNU/Linux 11 (bullseye)
[08/31/24 11:46:40] crowsnest: Host Info: Release: MainsailOS release 1.3.2 (bullseye)
[08/31/24 11:46:40] crowsnest: Host Info: Kernel: Linux 6.1.21-v8+ aarch64
[08/31/24 11:46:40] crowsnest: Host Info: Model:  Raspberry Pi 3 Model B Plus Rev 1.3
[08/31/24 11:46:40] crowsnest: Host Info: Available CPU Cores: 4
[08/31/24 11:46:40] crowsnest: Host Info: Available Memory: 880336 kB
[08/31/24 11:46:40] crowsnest: Host Info: Diskspace (avail. / total): 23G / 30G
[08/31/24 11:46:40] crowsnest: INFO: Checking Dependencies
[08/31/24 11:46:40] crowsnest: Dependency: 'crudini' found in /usr/bin/crudini.
[08/31/24 11:46:40] crowsnest: Dependency: 'find' found in /usr/bin/find.
[08/31/24 11:46:40] crowsnest: Dependency: 'xargs' found in /usr/bin/xargs.
[08/31/24 11:46:40] crowsnest: Dependency: 'ustreamer' found in bin/ustreamer/ustreamer.
[08/31/24 11:46:40] crowsnest: Dependency: 'camera-streamer' found in bin/camera-streamer/camera-streamer.
[08/31/24 11:46:40] crowsnest: Version Control: ustreamer is up to date. (v5.48)
[08/31/24 11:46:42] crowsnest: Version Control: camera-streamer is up to date. ((f1627aa))
[08/31/24 11:46:42] crowsnest: INFO: Print Configfile: '/home/pi/printer_data/config/crowsnest.conf'
[08/31/24 11:46:42] crowsnest:		[crowsnest]
[08/31/24 11:46:42] crowsnest:		log_path: /home/pi/printer_data/logs/crowsnest.log
[08/31/24 11:46:42] crowsnest:		log_level: verbose
[08/31/24 11:46:42] crowsnest:		delete_log: false
[08/31/24 11:46:42] crowsnest:		no_proxy: false
[08/31/24 11:46:42] crowsnest:		
[08/31/24 11:46:42] crowsnest:		[cam 1]
[08/31/24 11:46:42] crowsnest:		mode: ustreamer
[08/31/24 11:46:42] crowsnest:		
[08/31/24 11:46:42] crowsnest:		enable_rtsp: false
[08/31/24 11:46:42] crowsnest:		rtsp_port: 8554
[08/31/24 11:46:42] crowsnest:		port: 8080
[08/31/24 11:46:42] crowsnest:		device: /dev/video0
[08/31/24 11:46:42] crowsnest:		resolution: 640x480
[08/31/24 11:46:42] crowsnest:		max_fps: 15
[08/31/24 11:46:42] crowsnest: INFO: Detect available Devices
[08/31/24 11:46:43] crowsnest: INFO: Found 1 total available Device(s)
[08/31/24 11:46:43] crowsnest: INFO: Found 1 available v4l2 (UVC) camera(s)
[08/31/24 11:46:43] crowsnest: /dev/v4l/by-id/usb-SunplusIT_Inc_HP_4K_Webcam_01.00.00-video-index0 -> /dev/video0
[08/31/24 11:46:43] crowsnest: Supported Formats:
[08/31/24 11:46:43] crowsnest:		[0]: 'MJPG' (Motion-JPEG, compressed)
[08/31/24 11:46:43] crowsnest:		Size: Discrete 3840x2160
[08/31/24 11:46:43] crowsnest:		Interval: Discrete 0.033s (30.000 fps)
[08/31/24 11:46:43] crowsnest:		Size: Discrete 2592x1944
[08/31/24 11:46:43] crowsnest:		Interval: Discrete 0.033s (30.000 fps)
[08/31/24 11:46:43] crowsnest:		Size: Discrete 2560x1440
[08/31/24 11:46:43] crowsnest:		Interval: Discrete 0.033s (30.000 fps)
[08/31/24 11:46:43] crowsnest:		Size: Discrete 1920x1080
[08/31/24 11:46:43] crowsnest:		Interval: Discrete 0.017s (60.000 fps)
[08/31/24 11:46:43] crowsnest:		Size: Discrete 1280x720
[08/31/24 11:46:43] crowsnest:		Interval: Discrete 0.017s (60.000 fps)
[08/31/24 11:46:43] crowsnest:		Size: Discrete 960x540
[08/31/24 11:46:43] crowsnest:		Interval: Discrete 0.017s (60.000 fps)
[08/31/24 11:46:43] crowsnest:		Size: Discrete 848x480
[08/31/24 11:46:43] crowsnest:		Interval: Discrete 0.017s (60.000 fps)
[08/31/24 11:46:43] crowsnest:		Size: Discrete 640x480
[08/31/24 11:46:43] crowsnest:		Interval: Discrete 0.017s (60.000 fps)
[08/31/24 11:46:43] crowsnest:		Size: Discrete 640x360
[08/31/24 11:46:43] crowsnest:		Interval: Discrete 0.017s (60.000 fps)
[08/31/24 11:46:43] crowsnest:		Size: Discrete 320x240
[08/31/24 11:46:43] crowsnest:		Interval: Discrete 0.017s (60.000 fps)
[08/31/24 11:46:43] crowsnest:		Size: Discrete 320x180
[08/31/24 11:46:43] crowsnest:		Interval: Discrete 0.017s (60.000 fps)
[08/31/24 11:46:43] crowsnest:		[1]: 'YUYV' (YUYV 4:2:2)
[08/31/24 11:46:43] crowsnest:		Size: Discrete 640x480
[08/31/24 11:46:43] crowsnest:		Interval: Discrete 0.033s (30.000 fps)
[08/31/24 11:46:43] crowsnest:		Size: Discrete 640x360
[08/31/24 11:46:43] crowsnest:		Interval: Discrete 0.033s (30.000 fps)
[08/31/24 11:46:43] crowsnest:		Size: Discrete 320x240
[08/31/24 11:46:43] crowsnest:		Interval: Discrete 0.033s (30.000 fps)
[08/31/24 11:46:43] crowsnest:		Size: Discrete 320x180
[08/31/24 11:46:43] crowsnest:		Interval: Discrete 0.033s (30.000 fps)
[08/31/24 11:46:43] crowsnest: Supported Controls:
[08/31/24 11:46:43] crowsnest:		
[08/31/24 11:46:43] crowsnest:		User Controls
[08/31/24 11:46:43] crowsnest:		
[08/31/24 11:46:43] crowsnest:		brightness 0x00980900 (int)    : min=-64 max=64 step=1 default=0 value=0
[08/31/24 11:46:43] crowsnest:		contrast 0x00980901 (int)    : min=0 max=64 step=1 default=32 value=32
[08/31/24 11:46:43] crowsnest:		saturation 0x00980902 (int)    : min=0 max=128 step=1 default=64 value=64
[08/31/24 11:46:43] crowsnest:		hue 0x00980903 (int)    : min=-40 max=40 step=1 default=0 value=0
[08/31/24 11:46:43] crowsnest:		white_balance_automatic 0x0098090c (bool)   : default=1 value=1
[08/31/24 11:46:43] crowsnest:		gamma 0x00980910 (int)    : min=72 max=500 step=1 default=100 value=100
[08/31/24 11:46:43] crowsnest:		gain 0x00980913 (int)    : min=0 max=8 step=1 default=0 value=0
[08/31/24 11:46:43] crowsnest:		power_line_frequency 0x00980918 (menu)   : min=0 max=3 default=2 value=2
[08/31/24 11:46:43] crowsnest:		0: Disabled
[08/31/24 11:46:43] crowsnest:		1: 50 Hz
[08/31/24 11:46:43] crowsnest:		2: 60 Hz
[08/31/24 11:46:43] crowsnest:		3: Auto
[08/31/24 11:46:43] crowsnest:		white_balance_temperature 0x0098091a (int)    : min=2800 max=6500 step=1 default=4000 value=4000 flags=inactive
[08/31/24 11:46:43] crowsnest:		sharpness 0x0098091b (int)    : min=0 max=5 step=1 default=0 value=0
[08/31/24 11:46:43] crowsnest:		backlight_compensation 0x0098091c (int)    : min=0 max=1 step=1 default=0 value=0
[08/31/24 11:46:43] crowsnest:		
[08/31/24 11:46:43] crowsnest:		Camera Controls
[08/31/24 11:46:43] crowsnest:		
[08/31/24 11:46:43] crowsnest:		auto_exposure 0x009a0901 (menu)   : min=0 max=3 default=3 value=3
[08/31/24 11:46:43] crowsnest:		1: Manual Mode
[08/31/24 11:46:43] crowsnest:		3: Aperture Priority Mode
[08/31/24 11:46:43] crowsnest:		exposure_time_absolute 0x009a0902 (int)    : min=39 max=10000 step=1 default=312 value=312 flags=inactive
[08/31/24 11:46:43] crowsnest:		focus_absolute 0x009a090a (int)    : min=0 max=800 step=1 default=150 value=150 flags=inactive
[08/31/24 11:46:43] crowsnest:		focus_automatic_continuous 0x009a090c (bool)   : default=1 value=1
[08/31/24 11:46:43] crowsnest: Try to start configured Cams / Services...
[08/31/24 11:46:46] crowsnest: INFO: Configuration of Section [cam 1] looks good. Continue ...
[08/31/24 11:46:47] crowsnest: V4L2 Control: No parameters set for [cam 1]. Skipped.
[08/31/24 11:46:50] crowsnest: Starting ustreamer with Device /dev/video0 ...
[08/31/24 11:46:52] crowsnest:  ... Done!
[08/31/24 12:05:16] crowsnest: crowsnest - A webcam Service for multiple Cams and Stream Services.
[08/31/24 12:05:17] crowsnest: Version: v4.1.3-1-gc0c9c41
[08/31/24 12:05:17] crowsnest: Prepare Startup ...
[08/31/24 12:05:17] crowsnest: INFO: Host information:
[08/31/24 12:05:17] crowsnest: Host Info: Distribution: Debian GNU/Linux 11 (bullseye)
[08/31/24 12:05:17] crowsnest: Host Info: Release: MainsailOS release 1.3.2 (bullseye)
[08/31/24 12:05:17] crowsnest: Host Info: Kernel: Linux 6.1.21-v8+ aarch64
[08/31/24 12:05:17] crowsnest: Host Info: Model:  Raspberry Pi 3 Model B Plus Rev 1.3
[08/31/24 12:05:17] crowsnest: Host Info: Available CPU Cores: 4
[08/31/24 12:05:17] crowsnest: Host Info: Available Memory: 880336 kB
[08/31/24 12:05:17] crowsnest: Host Info: Diskspace (avail. / total): 23G / 30G
[08/31/24 12:05:17] crowsnest: INFO: Checking Dependencies
[08/31/24 12:05:17] crowsnest: Dependency: 'crudini' found in /usr/bin/crudini.
[08/31/24 12:05:17] crowsnest: Dependency: 'find' found in /usr/bin/find.
[08/31/24 12:05:17] crowsnest: Dependency: 'xargs' found in /usr/bin/xargs.
[08/31/24 12:05:17] crowsnest: Dependency: 'ustreamer' found in bin/ustreamer/ustreamer.
[08/31/24 12:05:17] crowsnest: Dependency: 'camera-streamer' found in bin/camera-streamer/camera-streamer.
[08/31/24 12:05:17] crowsnest: Version Control: ustreamer is up to date. (v5.48)
[08/31/24 12:05:20] crowsnest: Version Control: camera-streamer is up to date. ((f1627aa))
[08/31/24 12:05:20] crowsnest: INFO: Print Configfile: '/home/pi/printer_data/config/crowsnest.conf'
[08/31/24 12:05:20] crowsnest:		[crowsnest]
[08/31/24 12:05:20] crowsnest:		log_path: /home/pi/printer_data/logs/crowsnest.log
[08/31/24 12:05:20] crowsnest:		log_level: verbose
[08/31/24 12:05:20] crowsnest:		delete_log: false
[08/31/24 12:05:20] crowsnest:		no_proxy: false
[08/31/24 12:05:20] crowsnest:		
[08/31/24 12:05:20] crowsnest:		[cam 1]
[08/31/24 12:05:20] crowsnest:		mode: ustreamer
[08/31/24 12:05:20] crowsnest:		
[08/31/24 12:05:20] crowsnest:		enable_rtsp: false
[08/31/24 12:05:20] crowsnest:		rtsp_port: 8554
[08/31/24 12:05:20] crowsnest:		port: 8080
[08/31/24 12:05:20] crowsnest:		device: /dev/video0
[08/31/24 12:05:20] crowsnest:		resolution: 640x480
[08/31/24 12:05:20] crowsnest:		max_fps: 15
[08/31/24 12:05:20] crowsnest: INFO: Detect available Devices
[08/31/24 12:05:20] crowsnest: INFO: Found 1 total available Device(s)
[08/31/24 12:05:20] crowsnest: INFO: Found 1 available v4l2 (UVC) camera(s)
[08/31/24 12:05:20] crowsnest: /dev/v4l/by-id/usb-SunplusIT_Inc_HP_4K_Webcam_01.00.00-video-index0 -> /dev/video0
[08/31/24 12:05:20] crowsnest: Supported Formats:
[08/31/24 12:05:20] crowsnest:		[0]: 'MJPG' (Motion-JPEG, compressed)
[08/31/24 12:05:20] crowsnest:		Size: Discrete 3840x2160
[08/31/24 12:05:20] crowsnest:		Interval: Discrete 0.033s (30.000 fps)
[08/31/24 12:05:20] crowsnest:		Size: Discrete 2592x1944
[08/31/24 12:05:20] crowsnest:		Interval: Discrete 0.033s (30.000 fps)
[08/31/24 12:05:20] crowsnest:		Size: Discrete 2560x1440
[08/31/24 12:05:20] crowsnest:		Interval: Discrete 0.033s (30.000 fps)
[08/31/24 12:05:20] crowsnest:		Size: Discrete 1920x1080
[08/31/24 12:05:20] crowsnest:		Interval: Discrete 0.017s (60.000 fps)
[08/31/24 12:05:20] crowsnest:		Size: Discrete 1280x720
[08/31/24 12:05:20] crowsnest:		Interval: Discrete 0.017s (60.000 fps)
[08/31/24 12:05:20] crowsnest:		Size: Discrete 960x540
[08/31/24 12:05:20] crowsnest:		Interval: Discrete 0.017s (60.000 fps)
[08/31/24 12:05:20] crowsnest:		Size: Discrete 848x480
[08/31/24 12:05:20] crowsnest:		Interval: Discrete 0.017s (60.000 fps)
[08/31/24 12:05:20] crowsnest:		Size: Discrete 640x480
[08/31/24 12:05:20] crowsnest:		Interval: Discrete 0.017s (60.000 fps)
[08/31/24 12:05:20] crowsnest:		Size: Discrete 640x360
[08/31/24 12:05:20] crowsnest:		Interval: Discrete 0.017s (60.000 fps)
[08/31/24 12:05:20] crowsnest:		Size: Discrete 320x240
[08/31/24 12:05:20] crowsnest:		Interval: Discrete 0.017s (60.000 fps)
[08/31/24 12:05:20] crowsnest:		Size: Discrete 320x180
[08/31/24 12:05:20] crowsnest:		Interval: Discrete 0.017s (60.000 fps)
[08/31/24 12:05:20] crowsnest:		[1]: 'YUYV' (YUYV 4:2:2)
[08/31/24 12:05:20] crowsnest:		Size: Discrete 640x480
[08/31/24 12:05:20] crowsnest:		Interval: Discrete 0.033s (30.000 fps)
[08/31/24 12:05:20] crowsnest:		Size: Discrete 640x360
[08/31/24 12:05:20] crowsnest:		Interval: Discrete 0.033s (30.000 fps)
[08/31/24 12:05:20] crowsnest:		Size: Discrete 320x240
[08/31/24 12:05:20] crowsnest:		Interval: Discrete 0.033s (30.000 fps)
[08/31/24 12:05:20] crowsnest:		Size: Discrete 320x180
[08/31/24 12:05:20] crowsnest:		Interval: Discrete 0.033s (30.000 fps)
[08/31/24 12:05:20] crowsnest: Supported Controls:
[08/31/24 12:05:20] crowsnest:		
[08/31/24 12:05:20] crowsnest:		User Controls
[08/31/24 12:05:20] crowsnest:		
[08/31/24 12:05:20] crowsnest:		brightness 0x00980900 (int)    : min=-64 max=64 step=1 default=0 value=0
[08/31/24 12:05:20] crowsnest:		contrast 0x00980901 (int)    : min=0 max=64 step=1 default=32 value=32
[08/31/24 12:05:20] crowsnest:		saturation 0x00980902 (int)    : min=0 max=128 step=1 default=64 value=64
[08/31/24 12:05:20] crowsnest:		hue 0x00980903 (int)    : min=-40 max=40 step=1 default=0 value=0
[08/31/24 12:05:20] crowsnest:		white_balance_automatic 0x0098090c (bool)   : default=1 value=1
[08/31/24 12:05:20] crowsnest:		gamma 0x00980910 (int)    : min=72 max=500 step=1 default=100 value=100
[08/31/24 12:05:20] crowsnest:		gain 0x00980913 (int)    : min=0 max=8 step=1 default=0 value=0
[08/31/24 12:05:20] crowsnest:		power_line_frequency 0x00980918 (menu)   : min=0 max=3 default=2 value=2
[08/31/24 12:05:20] crowsnest:		0: Disabled
[08/31/24 12:05:20] crowsnest:		1: 50 Hz
[08/31/24 12:05:20] crowsnest:		2: 60 Hz
[08/31/24 12:05:20] crowsnest:		3: Auto
[08/31/24 12:05:20] crowsnest:		white_balance_temperature 0x0098091a (int)    : min=2800 max=6500 step=1 default=4000 value=4000 flags=inactive
[08/31/24 12:05:20] crowsnest:		sharpness 0x0098091b (int)    : min=0 max=5 step=1 default=0 value=0
[08/31/24 12:05:20] crowsnest:		backlight_compensation 0x0098091c (int)    : min=0 max=1 step=1 default=0 value=0
[08/31/24 12:05:20] crowsnest:		
[08/31/24 12:05:20] crowsnest:		Camera Controls
[08/31/24 12:05:20] crowsnest:		
[08/31/24 12:05:20] crowsnest:		auto_exposure 0x009a0901 (menu)   : min=0 max=3 default=3 value=3
[08/31/24 12:05:20] crowsnest:		1: Manual Mode
[08/31/24 12:05:20] crowsnest:		3: Aperture Priority Mode
[08/31/24 12:05:20] crowsnest:		exposure_time_absolute 0x009a0902 (int)    : min=39 max=10000 step=1 default=312 value=312 flags=inactive
[08/31/24 12:05:20] crowsnest:		focus_absolute 0x009a090a (int)    : min=0 max=800 step=1 default=150 value=150 flags=inactive
[08/31/24 12:05:20] crowsnest:		focus_automatic_continuous 0x009a090c (bool)   : default=1 value=1
[08/31/24 12:05:20] crowsnest: Try to start configured Cams / Services...
[08/31/24 12:05:23] crowsnest: INFO: Configuration of Section [cam 1] looks good. Continue ...
[08/31/24 12:05:24] crowsnest: V4L2 Control: No parameters set for [cam 1]. Skipped.
[08/31/24 12:05:27] crowsnest: Starting ustreamer with Device /dev/video0 ...
[08/31/24 12:05:29] crowsnest:  ... Done!
[08/31/24 15:36:26] crowsnest: Shutdown or Killed by User!
[08/31/24 15:36:26] crowsnest: Please come again :)
[08/31/24 15:36:26] crowsnest: Goodbye...
[08/31/24 15:36:41] crowsnest: crowsnest - A webcam Service for multiple Cams and Stream Services.
[08/31/24 15:36:41] crowsnest: Version: v4.1.3-1-gc0c9c41
[08/31/24 15:36:41] crowsnest: Prepare Startup ...
[08/31/24 15:36:41] crowsnest: INFO: Host information:
[08/31/24 15:36:41] crowsnest: Host Info: Distribution: Debian GNU/Linux 11 (bullseye)
[08/31/24 15:36:41] crowsnest: Host Info: Release: MainsailOS release 1.3.2 (bullseye)
[08/31/24 15:36:41] crowsnest: Host Info: Kernel: Linux 6.1.21-v8+ aarch64
[08/31/24 15:36:41] crowsnest: Host Info: Model:  Raspberry Pi 3 Model B Plus Rev 1.3
[08/31/24 15:36:41] crowsnest: Host Info: Available CPU Cores: 4
[08/31/24 15:36:41] crowsnest: Host Info: Available Memory: 880336 kB
[08/31/24 15:36:41] crowsnest: Host Info: Diskspace (avail. / total): 23G / 30G
[08/31/24 15:36:41] crowsnest: INFO: Checking Dependencies
[08/31/24 15:36:42] crowsnest: Dependency: 'crudini' found in /usr/bin/crudini.
[08/31/24 15:36:42] crowsnest: Dependency: 'find' found in /usr/bin/find.
[08/31/24 15:36:42] crowsnest: Dependency: 'xargs' found in /usr/bin/xargs.
[08/31/24 15:36:42] crowsnest: Dependency: 'ustreamer' found in bin/ustreamer/ustreamer.
[08/31/24 15:36:42] crowsnest: Dependency: 'camera-streamer' found in bin/camera-streamer/camera-streamer.
[08/31/24 15:36:42] crowsnest: Version Control: ustreamer is up to date. (v5.48)
[08/31/24 15:36:44] crowsnest: Version Control: camera-streamer is up to date. ((f1627aa))
[08/31/24 15:36:44] crowsnest: INFO: Print Configfile: '/home/pi/printer_data/config/crowsnest.conf'
[08/31/24 15:36:44] crowsnest:		[crowsnest]
[08/31/24 15:36:44] crowsnest:		log_path: /home/pi/printer_data/logs/crowsnest.log
[08/31/24 15:36:44] crowsnest:		log_level: verbose
[08/31/24 15:36:44] crowsnest:		delete_log: false
[08/31/24 15:36:44] crowsnest:		no_proxy: false
[08/31/24 15:36:44] crowsnest:		
[08/31/24 15:36:44] crowsnest:		[cam 1]
[08/31/24 15:36:44] crowsnest:		mode: ustreamer
[08/31/24 15:36:44] crowsnest:		
[08/31/24 15:36:44] crowsnest:		enable_rtsp: false
[08/31/24 15:36:44] crowsnest:		rtsp_port: 8554
[08/31/24 15:36:44] crowsnest:		port: 8080
[08/31/24 15:36:44] crowsnest:		device: /dev/video0
[08/31/24 15:36:44] crowsnest:		resolution: 640x480
[08/31/24 15:36:44] crowsnest:		max_fps: 15
[08/31/24 15:36:44] crowsnest: INFO: Detect available Devices
[08/31/24 15:36:45] crowsnest: INFO: Found 1 total available Device(s)
[08/31/24 15:36:45] crowsnest: INFO: Found 1 available v4l2 (UVC) camera(s)
[08/31/24 15:36:45] crowsnest: /dev/v4l/by-id/usb-SunplusIT_Inc_HP_4K_Webcam_01.00.00-video-index0 -> /dev/video0
[08/31/24 15:36:45] crowsnest: Supported Formats:
[08/31/24 15:36:45] crowsnest:		[0]: 'MJPG' (Motion-JPEG, compressed)
[08/31/24 15:36:45] crowsnest:		Size: Discrete 3840x2160
[08/31/24 15:36:45] crowsnest:		Interval: Discrete 0.033s (30.000 fps)
[08/31/24 15:36:45] crowsnest:		Size: Discrete 2592x1944
[08/31/24 15:36:45] crowsnest:		Interval: Discrete 0.033s (30.000 fps)
[08/31/24 15:36:45] crowsnest:		Size: Discrete 2560x1440
[08/31/24 15:36:45] crowsnest:		Interval: Discrete 0.033s (30.000 fps)
[08/31/24 15:36:45] crowsnest:		Size: Discrete 1920x1080
[08/31/24 15:36:45] crowsnest:		Interval: Discrete 0.017s (60.000 fps)
[08/31/24 15:36:45] crowsnest:		Size: Discrete 1280x720
[08/31/24 15:36:45] crowsnest:		Interval: Discrete 0.017s (60.000 fps)
[08/31/24 15:36:45] crowsnest:		Size: Discrete 960x540
[08/31/24 15:36:45] crowsnest:		Interval: Discrete 0.017s (60.000 fps)
[08/31/24 15:36:45] crowsnest:		Size: Discrete 848x480
[08/31/24 15:36:45] crowsnest:		Interval: Discrete 0.017s (60.000 fps)
[08/31/24 15:36:45] crowsnest:		Size: Discrete 640x480
[08/31/24 15:36:45] crowsnest:		Interval: Discrete 0.017s (60.000 fps)
[08/31/24 15:36:45] crowsnest:		Size: Discrete 640x360
[08/31/24 15:36:45] crowsnest:		Interval: Discrete 0.017s (60.000 fps)
[08/31/24 15:36:45] crowsnest:		Size: Discrete 320x240
[08/31/24 15:36:45] crowsnest:		Interval: Discrete 0.017s (60.000 fps)
[08/31/24 15:36:45] crowsnest:		Size: Discrete 320x180
[08/31/24 15:36:45] crowsnest:		Interval: Discrete 0.017s (60.000 fps)
[08/31/24 15:36:45] crowsnest:		[1]: 'YUYV' (YUYV 4:2:2)
[08/31/24 15:36:45] crowsnest:		Size: Discrete 640x480
[08/31/24 15:36:45] crowsnest:		Interval: Discrete 0.033s (30.000 fps)
[08/31/24 15:36:45] crowsnest:		Size: Discrete 640x360
[08/31/24 15:36:45] crowsnest:		Interval: Discrete 0.033s (30.000 fps)
[08/31/24 15:36:45] crowsnest:		Size: Discrete 320x240
[08/31/24 15:36:45] crowsnest:		Interval: Discrete 0.033s (30.000 fps)
[08/31/24 15:36:45] crowsnest:		Size: Discrete 320x180
[08/31/24 15:36:45] crowsnest:		Interval: Discrete 0.033s (30.000 fps)
[08/31/24 15:36:45] crowsnest: Supported Controls:
[08/31/24 15:36:45] crowsnest:		
[08/31/24 15:36:45] crowsnest:		User Controls
[08/31/24 15:36:45] crowsnest:		
[08/31/24 15:36:45] crowsnest:		brightness 0x00980900 (int)    : min=-64 max=64 step=1 default=0 value=0
[08/31/24 15:36:45] crowsnest:		contrast 0x00980901 (int)    : min=0 max=64 step=1 default=32 value=32
[08/31/24 15:36:45] crowsnest:		saturation 0x00980902 (int)    : min=0 max=128 step=1 default=64 value=64
[08/31/24 15:36:45] crowsnest:		hue 0x00980903 (int)    : min=-40 max=40 step=1 default=0 value=0
[08/31/24 15:36:45] crowsnest:		white_balance_automatic 0x0098090c (bool)   : default=1 value=1
[08/31/24 15:36:45] crowsnest:		gamma 0x00980910 (int)    : min=72 max=500 step=1 default=100 value=100
[08/31/24 15:36:45] crowsnest:		gain 0x00980913 (int)    : min=0 max=8 step=1 default=0 value=0
[08/31/24 15:36:45] crowsnest:		power_line_frequency 0x00980918 (menu)   : min=0 max=3 default=2 value=2
[08/31/24 15:36:45] crowsnest:		0: Disabled
[08/31/24 15:36:45] crowsnest:		1: 50 Hz
[08/31/24 15:36:45] crowsnest:		2: 60 Hz
[08/31/24 15:36:45] crowsnest:		3: Auto
[08/31/24 15:36:45] crowsnest:		white_balance_temperature 0x0098091a (int)    : min=2800 max=6500 step=1 default=4000 value=4000 flags=inactive
[08/31/24 15:36:45] crowsnest:		sharpness 0x0098091b (int)    : min=0 max=5 step=1 default=0 value=0
[08/31/24 15:36:45] crowsnest:		backlight_compensation 0x0098091c (int)    : min=0 max=1 step=1 default=0 value=0
[08/31/24 15:36:45] crowsnest:		
[08/31/24 15:36:45] crowsnest:		Camera Controls
[08/31/24 15:36:45] crowsnest:		
[08/31/24 15:36:45] crowsnest:		auto_exposure 0x009a0901 (menu)   : min=0 max=3 default=3 value=3
[08/31/24 15:36:45] crowsnest:		1: Manual Mode
[08/31/24 15:36:45] crowsnest:		3: Aperture Priority Mode
[08/31/24 15:36:45] crowsnest:		exposure_time_absolute 0x009a0902 (int)    : min=39 max=10000 step=1 default=312 value=312 flags=inactive
[08/31/24 15:36:45] crowsnest:		focus_absolute 0x009a090a (int)    : min=0 max=800 step=1 default=150 value=150 flags=inactive
[08/31/24 15:36:45] crowsnest:		focus_automatic_continuous 0x009a090c (bool)   : default=1 value=1
[08/31/24 15:36:45] crowsnest: Try to start configured Cams / Services...
[08/31/24 15:36:48] crowsnest: INFO: Configuration of Section [cam 1] looks good. Continue ...
[08/31/24 15:36:49] crowsnest: V4L2 Control: No parameters set for [cam 1]. Skipped.
[08/31/24 15:36:52] crowsnest: Starting ustreamer with Device /dev/video0 ...
[08/31/24 15:36:53] crowsnest:  ... Done!
[08/31/24 15:39:33] crowsnest: Shutdown or Killed by User!
[08/31/24 15:39:33] crowsnest: Please come again :)
[08/31/24 15:39:33] crowsnest: Goodbye...
[08/31/24 15:39:34] crowsnest: crowsnest - A webcam Service for multiple Cams and Stream Services.
[08/31/24 15:39:34] crowsnest: Version: v4.1.9-1-gd75a3ae
[08/31/24 15:39:34] crowsnest: Prepare Startup ...
[08/31/24 15:39:34] crowsnest: INFO: Host information:
[08/31/24 15:39:34] crowsnest: Host Info: Distribution: Debian GNU/Linux 11 (bullseye)
[08/31/24 15:39:34] crowsnest: Host Info: Release: MainsailOS release 1.3.2 (bullseye)
[08/31/24 15:39:34] crowsnest: Host Info: Kernel: Linux 6.1.21-v8+ aarch64
[08/31/24 15:39:34] crowsnest: Host Info: Model:  Raspberry Pi 3 Model B Plus Rev 1.3
[08/31/24 15:39:34] crowsnest: Host Info: Available CPU Cores: 4
[08/31/24 15:39:34] crowsnest: Host Info: Available Memory: 880336 kB
[08/31/24 15:39:34] crowsnest: Host Info: Diskspace (avail. / total): 23G / 30G
[08/31/24 15:39:34] crowsnest: INFO: Checking Dependencies
[08/31/24 15:39:34] crowsnest: Dependency: 'crudini' found in /usr/bin/crudini.
[08/31/24 15:39:34] crowsnest: Dependency: 'find' found in /usr/bin/find.
[08/31/24 15:39:34] crowsnest: Dependency: 'xargs' found in /usr/bin/xargs.
[08/31/24 15:39:34] crowsnest: Dependency: 'ustreamer' found in bin/ustreamer/src/ustreamer.bin.
[08/31/24 15:39:34] crowsnest: Dependency: 'camera-streamer' found in bin/camera-streamer/camera-streamer.
[08/31/24 15:39:34] crowsnest: Version Control: ustreamer is up to date. (v5.48)
[08/31/24 15:39:35] crowsnest: Version Control: camera-streamer is up to date. ((f1627aa))
[08/31/24 15:39:35] crowsnest: INFO: Print Configfile: '/home/pi/printer_data/config/crowsnest.conf'
[08/31/24 15:39:35] crowsnest:		[crowsnest]
[08/31/24 15:39:35] crowsnest:		log_path: /home/pi/printer_data/logs/crowsnest.log
[08/31/24 15:39:35] crowsnest:		log_level: verbose
[08/31/24 15:39:35] crowsnest:		delete_log: false
[08/31/24 15:39:35] crowsnest:		no_proxy: false
[08/31/24 15:39:35] crowsnest:		
[08/31/24 15:39:35] crowsnest:		[cam 1]
[08/31/24 15:39:35] crowsnest:		mode: ustreamer
[08/31/24 15:39:35] crowsnest:		
[08/31/24 15:39:35] crowsnest:		enable_rtsp: false
[08/31/24 15:39:35] crowsnest:		rtsp_port: 8554
[08/31/24 15:39:35] crowsnest:		port: 8080
[08/31/24 15:39:35] crowsnest:		device: /dev/video0
[08/31/24 15:39:35] crowsnest:		resolution: 640x480
[08/31/24 15:39:35] crowsnest:		max_fps: 15
[08/31/24 15:39:35] crowsnest: INFO: Detect available Devices
[08/31/24 15:39:35] crowsnest: INFO: Found 1 total available Device(s)
[08/31/24 15:39:35] crowsnest: INFO: Found 1 available v4l2 (UVC) camera(s)
[08/31/24 15:39:35] crowsnest: /dev/v4l/by-id/usb-SunplusIT_Inc_HP_4K_Webcam_01.00.00-video-index0 -> /dev/video0
[08/31/24 15:39:35] crowsnest: Supported Formats:
[08/31/24 15:39:35] crowsnest:		[0]: 'MJPG' (Motion-JPEG, compressed)
[08/31/24 15:39:35] crowsnest:		Size: Discrete 3840x2160
[08/31/24 15:39:35] crowsnest:		Interval: Discrete 0.033s (30.000 fps)
[08/31/24 15:39:35] crowsnest:		Size: Discrete 2592x1944
[08/31/24 15:39:35] crowsnest:		Interval: Discrete 0.033s (30.000 fps)
[08/31/24 15:39:35] crowsnest:		Size: Discrete 2560x1440
[08/31/24 15:39:35] crowsnest:		Interval: Discrete 0.033s (30.000 fps)
[08/31/24 15:39:35] crowsnest:		Size: Discrete 1920x1080
[08/31/24 15:39:35] crowsnest:		Interval: Discrete 0.017s (60.000 fps)
[08/31/24 15:39:35] crowsnest:		Size: Discrete 1280x720
[08/31/24 15:39:35] crowsnest:		Interval: Discrete 0.017s (60.000 fps)
[08/31/24 15:39:35] crowsnest:		Size: Discrete 960x540
[08/31/24 15:39:35] crowsnest:		Interval: Discrete 0.017s (60.000 fps)
[08/31/24 15:39:35] crowsnest:		Size: Discrete 848x480
[08/31/24 15:39:35] crowsnest:		Interval: Discrete 0.017s (60.000 fps)
[08/31/24 15:39:35] crowsnest:		Size: Discrete 640x480
[08/31/24 15:39:35] crowsnest:		Interval: Discrete 0.017s (60.000 fps)
[08/31/24 15:39:35] crowsnest:		Size: Discrete 640x360
[08/31/24 15:39:35] crowsnest:		Interval: Discrete 0.017s (60.000 fps)
[08/31/24 15:39:35] crowsnest:		Size: Discrete 320x240
[08/31/24 15:39:35] crowsnest:		Interval: Discrete 0.017s (60.000 fps)
[08/31/24 15:39:35] crowsnest:		Size: Discrete 320x180
[08/31/24 15:39:35] crowsnest:		Interval: Discrete 0.017s (60.000 fps)
[08/31/24 15:39:35] crowsnest:		[1]: 'YUYV' (YUYV 4:2:2)
[08/31/24 15:39:35] crowsnest:		Size: Discrete 640x480
[08/31/24 15:39:35] crowsnest:		Interval: Discrete 0.033s (30.000 fps)
[08/31/24 15:39:35] crowsnest:		Size: Discrete 640x360
[08/31/24 15:39:35] crowsnest:		Interval: Discrete 0.033s (30.000 fps)
[08/31/24 15:39:35] crowsnest:		Size: Discrete 320x240
[08/31/24 15:39:35] crowsnest:		Interval: Discrete 0.033s (30.000 fps)
[08/31/24 15:39:35] crowsnest:		Size: Discrete 320x180
[08/31/24 15:39:35] crowsnest:		Interval: Discrete 0.033s (30.000 fps)
[08/31/24 15:39:35] crowsnest: Supported Controls:
[08/31/24 15:39:35] crowsnest:		
[08/31/24 15:39:35] crowsnest:		User Controls
[08/31/24 15:39:35] crowsnest:		
[08/31/24 15:39:35] crowsnest:		brightness 0x00980900 (int)    : min=-64 max=64 step=1 default=0 value=0
[08/31/24 15:39:35] crowsnest:		contrast 0x00980901 (int)    : min=0 max=64 step=1 default=32 value=32
[08/31/24 15:39:35] crowsnest:		saturation 0x00980902 (int)    : min=0 max=128 step=1 default=64 value=64
[08/31/24 15:39:35] crowsnest:		hue 0x00980903 (int)    : min=-40 max=40 step=1 default=0 value=0
[08/31/24 15:39:35] crowsnest:		white_balance_automatic 0x0098090c (bool)   : default=1 value=1
[08/31/24 15:39:35] crowsnest:		gamma 0x00980910 (int)    : min=72 max=500 step=1 default=100 value=100
[08/31/24 15:39:35] crowsnest:		gain 0x00980913 (int)    : min=0 max=8 step=1 default=0 value=0
[08/31/24 15:39:35] crowsnest:		power_line_frequency 0x00980918 (menu)   : min=0 max=3 default=2 value=2
[08/31/24 15:39:35] crowsnest:		0: Disabled
[08/31/24 15:39:35] crowsnest:		1: 50 Hz
[08/31/24 15:39:35] crowsnest:		2: 60 Hz
[08/31/24 15:39:35] crowsnest:		3: Auto
[08/31/24 15:39:35] crowsnest:		white_balance_temperature 0x0098091a (int)    : min=2800 max=6500 step=1 default=4000 value=4000 flags=inactive
[08/31/24 15:39:35] crowsnest:		sharpness 0x0098091b (int)    : min=0 max=5 step=1 default=0 value=0
[08/31/24 15:39:35] crowsnest:		backlight_compensation 0x0098091c (int)    : min=0 max=1 step=1 default=0 value=0
[08/31/24 15:39:35] crowsnest:		
[08/31/24 15:39:35] crowsnest:		Camera Controls
[08/31/24 15:39:35] crowsnest:		
[08/31/24 15:39:35] crowsnest:		auto_exposure 0x009a0901 (menu)   : min=0 max=3 default=3 value=3
[08/31/24 15:39:35] crowsnest:		1: Manual Mode
[08/31/24 15:39:35] crowsnest:		3: Aperture Priority Mode
[08/31/24 15:39:35] crowsnest:		exposure_time_absolute 0x009a0902 (int)    : min=39 max=10000 step=1 default=312 value=312 flags=inactive
[08/31/24 15:39:35] crowsnest:		focus_absolute 0x009a090a (int)    : min=0 max=800 step=1 default=150 value=150 flags=inactive
[08/31/24 15:39:35] crowsnest:		focus_automatic_continuous 0x009a090c (bool)   : default=1 value=1
[08/31/24 15:39:35] crowsnest: Try to start configured Cams / Services...
[08/31/24 15:39:38] crowsnest: INFO: Configuration of Section [cam 1] looks good. Continue ...
[08/31/24 15:39:39] crowsnest: V4L2 Control: No parameters set for [cam 1]. Skipped.
[08/31/24 15:39:42] crowsnest: Starting ustreamer with Device /dev/video0 ...
[08/31/24 15:39:44] crowsnest:  ... Done!
[11/25/24 21:21:19] crowsnest: crowsnest - A webcam Service for multiple Cams and Stream Services.
[11/25/24 21:21:20] crowsnest: Version: v4.1.9-1-gd75a3ae
[11/25/24 21:21:20] crowsnest: Prepare Startup ...
[11/25/24 21:21:20] crowsnest: INFO: Host information:
[11/25/24 21:21:20] crowsnest: Host Info: Distribution: Debian GNU/Linux 11 (bullseye)
[11/25/24 21:21:20] crowsnest: Host Info: Release: MainsailOS release 1.3.2 (bullseye)
[11/25/24 21:21:20] crowsnest: Host Info: Kernel: Linux 6.1.21-v8+ aarch64
[11/25/24 21:21:20] crowsnest: Host Info: Model:  Raspberry Pi 3 Model B Plus Rev 1.3
[11/25/24 21:21:20] crowsnest: Host Info: Available CPU Cores: 4
[11/25/24 21:21:20] crowsnest: Host Info: Available Memory: 880336 kB
[11/25/24 21:21:20] crowsnest: Host Info: Diskspace (avail. / total): 23G / 30G
[11/25/24 21:21:20] crowsnest: INFO: Checking Dependencies
[11/25/24 21:21:20] crowsnest: Dependency: 'crudini' found in /usr/bin/crudini.
[11/25/24 21:21:20] crowsnest: Dependency: 'find' found in /usr/bin/find.
[11/25/24 21:21:20] crowsnest: Dependency: 'xargs' found in /usr/bin/xargs.
[11/25/24 21:21:20] crowsnest: Dependency: 'ustreamer' found in bin/ustreamer/src/ustreamer.bin.
[11/25/24 21:21:20] crowsnest: Dependency: 'camera-streamer' found in bin/camera-streamer/camera-streamer.
[11/25/24 21:21:20] crowsnest: Version Control: ustreamer is up to date. (v5.48)
[11/25/24 21:21:22] crowsnest: Version Control: camera-streamer is up to date. ((f1627aa))
[11/25/24 21:21:22] crowsnest: INFO: Print Configfile: '/home/pi/printer_data/config/crowsnest.conf'
[11/25/24 21:21:22] crowsnest:		[crowsnest]
[11/25/24 21:21:22] crowsnest:		log_path: /home/pi/printer_data/logs/crowsnest.log
[11/25/24 21:21:22] crowsnest:		log_level: verbose
[11/25/24 21:21:22] crowsnest:		delete_log: false
[11/25/24 21:21:22] crowsnest:		no_proxy: false
[11/25/24 21:21:22] crowsnest:		
[11/25/24 21:21:22] crowsnest:		[cam 1]
[11/25/24 21:21:22] crowsnest:		mode: ustreamer
[11/25/24 21:21:22] crowsnest:		
[11/25/24 21:21:22] crowsnest:		enable_rtsp: false
[11/25/24 21:21:22] crowsnest:		rtsp_port: 8554
[11/25/24 21:21:22] crowsnest:		port: 8080
[11/25/24 21:21:22] crowsnest:		device: /dev/video0
[11/25/24 21:21:22] crowsnest:		resolution: 640x480
[11/25/24 21:21:22] crowsnest:		max_fps: 15
[11/25/24 21:21:22] crowsnest: INFO: Detect available Devices
[11/25/24 21:21:23] crowsnest: INFO: Found 1 total available Device(s)
[11/25/24 21:21:23] crowsnest: INFO: Found 1 available v4l2 (UVC) camera(s)
[11/25/24 21:21:23] crowsnest: /dev/v4l/by-id/usb-SunplusIT_Inc_HP_4K_Webcam_01.00.00-video-index0 -> /dev/video0
[11/25/24 21:21:23] crowsnest: Supported Formats:
[11/25/24 21:21:23] crowsnest:		[0]: 'MJPG' (Motion-JPEG, compressed)
[11/25/24 21:21:23] crowsnest:		Size: Discrete 3840x2160
[11/25/24 21:21:23] crowsnest:		Interval: Discrete 0.033s (30.000 fps)
[11/25/24 21:21:23] crowsnest:		Size: Discrete 2592x1944
[11/25/24 21:21:23] crowsnest:		Interval: Discrete 0.033s (30.000 fps)
[11/25/24 21:21:23] crowsnest:		Size: Discrete 2560x1440
[11/25/24 21:21:23] crowsnest:		Interval: Discrete 0.033s (30.000 fps)
[11/25/24 21:21:23] crowsnest:		Size: Discrete 1920x1080
[11/25/24 21:21:23] crowsnest:		Interval: Discrete 0.017s (60.000 fps)
[11/25/24 21:21:23] crowsnest:		Size: Discrete 1280x720
[11/25/24 21:21:23] crowsnest:		Interval: Discrete 0.017s (60.000 fps)
[11/25/24 21:21:23] crowsnest:		Size: Discrete 960x540
[11/25/24 21:21:23] crowsnest:		Interval: Discrete 0.017s (60.000 fps)
[11/25/24 21:21:23] crowsnest:		Size: Discrete 848x480
[11/25/24 21:21:23] crowsnest:		Interval: Discrete 0.017s (60.000 fps)
[11/25/24 21:21:23] crowsnest:		Size: Discrete 640x480
[11/25/24 21:21:23] crowsnest:		Interval: Discrete 0.017s (60.000 fps)
[11/25/24 21:21:23] crowsnest:		Size: Discrete 640x360
[11/25/24 21:21:23] crowsnest:		Interval: Discrete 0.017s (60.000 fps)
[11/25/24 21:21:23] crowsnest:		Size: Discrete 320x240
[11/25/24 21:21:23] crowsnest:		Interval: Discrete 0.017s (60.000 fps)
[11/25/24 21:21:23] crowsnest:		Size: Discrete 320x180
[11/25/24 21:21:23] crowsnest:		Interval: Discrete 0.017s (60.000 fps)
[11/25/24 21:21:23] crowsnest:		[1]: 'YUYV' (YUYV 4:2:2)
[11/25/24 21:21:23] crowsnest:		Size: Discrete 640x480
[11/25/24 21:21:23] crowsnest:		Interval: Discrete 0.033s (30.000 fps)
[11/25/24 21:21:23] crowsnest:		Size: Discrete 640x360
[11/25/24 21:21:23] crowsnest:		Interval: Discrete 0.033s (30.000 fps)
[11/25/24 21:21:23] crowsnest:		Size: Discrete 320x240
[11/25/24 21:21:23] crowsnest:		Interval: Discrete 0.033s (30.000 fps)
[11/25/24 21:21:23] crowsnest:		Size: Discrete 320x180
[11/25/24 21:21:23] crowsnest:		Interval: Discrete 0.033s (30.000 fps)
[11/25/24 21:21:23] crowsnest: Supported Controls:
[11/25/24 21:21:23] crowsnest:		
[11/25/24 21:21:23] crowsnest:		User Controls
[11/25/24 21:21:23] crowsnest:		
[11/25/24 21:21:23] crowsnest:		brightness 0x00980900 (int)    : min=-64 max=64 step=1 default=0 value=0
[11/25/24 21:21:23] crowsnest:		contrast 0x00980901 (int)    : min=0 max=64 step=1 default=32 value=32
[11/25/24 21:21:23] crowsnest:		saturation 0x00980902 (int)    : min=0 max=128 step=1 default=64 value=64
[11/25/24 21:21:23] crowsnest:		hue 0x00980903 (int)    : min=-40 max=40 step=1 default=0 value=0
[11/25/24 21:21:23] crowsnest:		white_balance_automatic 0x0098090c (bool)   : default=1 value=1
[11/25/24 21:21:23] crowsnest:		gamma 0x00980910 (int)    : min=72 max=500 step=1 default=100 value=100
[11/25/24 21:21:23] crowsnest:		gain 0x00980913 (int)    : min=0 max=8 step=1 default=0 value=0
[11/25/24 21:21:23] crowsnest:		power_line_frequency 0x00980918 (menu)   : min=0 max=3 default=2 value=2
[11/25/24 21:21:23] crowsnest:		0: Disabled
[11/25/24 21:21:23] crowsnest:		1: 50 Hz
[11/25/24 21:21:23] crowsnest:		2: 60 Hz
[11/25/24 21:21:23] crowsnest:		3: Auto
[11/25/24 21:21:23] crowsnest:		white_balance_temperature 0x0098091a (int)    : min=2800 max=6500 step=1 default=4000 value=4000 flags=inactive
[11/25/24 21:21:23] crowsnest:		sharpness 0x0098091b (int)    : min=0 max=5 step=1 default=0 value=0
[11/25/24 21:21:23] crowsnest:		backlight_compensation 0x0098091c (int)    : min=0 max=1 step=1 default=0 value=0
[11/25/24 21:21:23] crowsnest:		
[11/25/24 21:21:23] crowsnest:		Camera Controls
[11/25/24 21:21:23] crowsnest:		
[11/25/24 21:21:23] crowsnest:		auto_exposure 0x009a0901 (menu)   : min=0 max=3 default=3 value=3
[11/25/24 21:21:23] crowsnest:		1: Manual Mode
[11/25/24 21:21:23] crowsnest:		3: Aperture Priority Mode
[11/25/24 21:21:23] crowsnest:		exposure_time_absolute 0x009a0902 (int)    : min=39 max=10000 step=1 default=312 value=312 flags=inactive
[11/25/24 21:21:23] crowsnest:		focus_absolute 0x009a090a (int)    : min=0 max=800 step=1 default=150 value=150 flags=inactive
[11/25/24 21:21:23] crowsnest:		focus_automatic_continuous 0x009a090c (bool)   : default=1 value=1
[11/25/24 21:21:23] crowsnest: Try to start configured Cams / Services...
[11/25/24 21:21:26] crowsnest: INFO: Configuration of Section [cam 1] looks good. Continue ...
[11/25/24 21:21:27] crowsnest: V4L2 Control: No parameters set for [cam 1]. Skipped.
[11/25/24 21:21:30] crowsnest: Starting ustreamer with Device /dev/video0 ...
[11/25/24 21:21:32] crowsnest:  ... Done!
